# JRE version: OpenJDK Runtime Environment Temurin-17.0.11+9 (17.0.11+9) (build 17.0.11+9)
# Java VM: OpenJDK 64-Bit Server VM Temurin-17.0.11+9 (17.0.11+9, mixed mode, emulated-client, tiered, compressed oops, compressed class ptrs, g1 gc, windows-amd64)
GC Precious Log:
 CPUs: 4 total, 4 available
 Memory: 3948M
 Large Page Support: Disabled
 NUMA Support: Disabled
 Compressed Oops: Enabled (32-bit)
 Heap Region Size: 1M
 Heap Min Capacity: 8M
 Heap Initial Capacity: 62M
 Heap Max Capacity: 1G
 Pre-touch: Disabled
 Parallel Workers: 4
 Concurrent Workers: 1
 Concurrent Refinement Workers: 4
 Periodic GC: Disabled
Heap:
 garbage-first heap   total 133120K, used 39395K [0x00000000c0000000, 0x0000000100000000)
  region size 1024K, 1 young (1024K), 0 survivors (0K)
 Metaspace       used 54427K, committed 54976K, reserved 1114112K
  class space    used 7882K, committed 8128K, reserved 1048576K
GC Heap History (20 events):
Event: 52412.879 GC heap before
{Heap before GC invocations=3570 (full 3499):
 garbage-first heap   total 133120K, used 39395K [0x00000000c0000000, 0x0000000100000000)
  region size 1024K, 1 young (1024K), 0 survivors (0K)
 Metaspace       used 54427K, committed 54976K, reserved 1114112K
  class space    used 7882K, committed 8128K, reserved 1048576K
}
Event: 52412.940 GC heap after
{Heap after GC invocations=3571 (full 3500):
 garbage-first heap   total 133120K, used 39395K [0x00000000c0000000, 0x0000000100000000)
  region size 1024K, 0 young (0K), 0 survivors (0K)
 Metaspace       used 54427K, committed 54976K, reserved 1114112K
  class space    used 7882K, committed 8128K, reserved 1048576K
}
Event: 52423.424 GC heap before
{Heap before GC invocations=3571 (full 3500):
 garbage-first heap   total 133120K, used 39395K [0x00000000c0000000, 0x0000000100000000)
  region size 1024K, 1 young (1024K), 0 survivors (0K)
 Metaspace       used 54427K, committed 54976K, reserved 1114112K
  class space    used 7882K, committed 8128K, reserved 1048576K
}
Event: 52423.494 GC heap after
{Heap after GC invocations=3572 (full 3501):
 garbage-first heap   total 133120K, used 39395K [0x00000000c0000000, 0x0000000100000000)
  region size 1024K, 0 young (0K), 0 survivors (0K)
 Metaspace       used 54427K, committed 54976K, reserved 1114112K
  class space    used 7882K, committed 8128K, reserved 1048576K
}
Event: 52433.933 GC heap before
{Heap before GC invocations=3572 (full 3501):
 garbage-first heap   total 133120K, used 39395K [0x00000000c0000000, 0x0000000100000000)
  region size 1024K, 1 young (1024K), 0 survivors (0K)
 Metaspace       used 54427K, committed 54976K, reserved 1114112K
  class space    used 7882K, committed 8128K, reserved 1048576K
}
Event: 52433.999 GC heap after
{Heap after GC invocations=3573 (full 3502):
 garbage-first heap   total 133120K, used 39395K [0x00000000c0000000, 0x0000000100000000)
  region size 1024K, 0 young (0K), 0 survivors (0K)
 Metaspace       used 54427K, committed 54976K, reserved 1114112K
  class space    used 7882K, committed 8128K, reserved 1048576K
}
Event: 52444.198 GC heap before
{Heap before GC invocations=3573 (full 3502):
 garbage-first heap   total 133120K, used 39395K [0x00000000c0000000, 0x0000000100000000)
  region size 1024K, 1 young (1024K), 0 survivors (0K)
 Metaspace       used 54427K, committed 54976K, reserved 1114112K
  class space    used 7882K, committed 8128K, reserved 1048576K
}
Event: 52444.249 GC heap after
{Heap after GC invocations=3574 (full 3503):
 garbage-first heap   total 133120K, used 39395K [0x00000000c0000000, 0x0000000100000000)
  region size 1024K, 0 young (0K), 0 survivors (0K)
 Metaspace       used 54427K, committed 54976K, reserved 1114112K
  class space    used 7882K, committed 8128K, reserved 1048576K
}
Event: 52454.572 GC heap before
{Heap before GC invocations=3574 (full 3503):
 garbage-first heap   total 133120K, used 39395K [0x00000000c0000000, 0x0000000100000000)
  region size 1024K, 1 young (1024K), 0 survivors (0K)
 Metaspace       used 54427K, committed 54976K, reserved 1114112K
  class space    used 7882K, committed 8128K, reserved 1048576K
}
Event: 52454.638 GC heap after
{Heap after GC invocations=3575 (full 3504):
 garbage-first heap   total 133120K, used 39395K [0x00000000c0000000, 0x0000000100000000)
  region size 1024K, 0 young (0K), 0 survivors (0K)
 Metaspace       used 54427K, committed 54976K, reserved 1114112K
  class space    used 7882K, committed 8128K, reserved 1048576K
}
Event: 52465.027 GC heap before
{Heap before GC invocations=3575 (full 3504):
 garbage-first heap   total 133120K, used 39395K [0x00000000c0000000, 0x0000000100000000)
  region size 1024K, 1 young (1024K), 0 survivors (0K)
 Metaspace       used 54427K, committed 54976K, reserved 1114112K
  class space    used 7882K, committed 8128K, reserved 1048576K
}
Event: 52465.096 GC heap after
{Heap after GC invocations=3576 (full 3505):
 garbage-first heap   total 133120K, used 39395K [0x00000000c0000000, 0x0000000100000000)
  region size 1024K, 0 young (0K), 0 survivors (0K)
 Metaspace       used 54427K, committed 54976K, reserved 1114112K
  class space    used 7882K, committed 8128K, reserved 1048576K
}
Event: 52475.433 GC heap before
{Heap before GC invocations=3576 (full 3505):
 garbage-first heap   total 133120K, used 39395K [0x00000000c0000000, 0x0000000100000000)
  region size 1024K, 1 young (1024K), 0 survivors (0K)
 Metaspace       used 54427K, committed 54976K, reserved 1114112K
  class space    used 7882K, committed 8128K, reserved 1048576K
}
Event: 52475.495 GC heap after
{Heap after GC invocations=3577 (full 3506):
 garbage-first heap   total 133120K, used 39395K [0x00000000c0000000, 0x0000000100000000)
  region size 1024K, 0 young (0K), 0 survivors (0K)
 Metaspace       used 54427K, committed 54976K, reserved 1114112K
  class space    used 7882K, committed 8128K, reserved 1048576K
}
Event: 52485.764 GC heap before
{Heap before GC invocations=3577 (full 3506):
 garbage-first heap   total 133120K, used 39395K [0x00000000c0000000, 0x0000000100000000)
  region size 1024K, 1 young (1024K), 0 survivors (0K)
 Metaspace       used 54427K, committed 54976K, reserved 1114112K
  class space    used 7882K, committed 8128K, reserved 1048576K
}
Event: 52485.833 GC heap after
{Heap after GC invocations=3578 (full 3507):
 garbage-first heap   total 133120K, used 39395K [0x00000000c0000000, 0x0000000100000000)
  region size 1024K, 0 young (0K), 0 survivors (0K)
 Metaspace       used 54427K, committed 54976K, reserved 1114112K
  class space    used 7882K, committed 8128K, reserved 1048576K
}
Event: 52496.776 GC heap before
{Heap before GC invocations=3578 (full 3507):
 garbage-first heap   total 133120K, used 39395K [0x00000000c0000000, 0x0000000100000000)
  region size 1024K, 1 young (1024K), 0 survivors (0K)
 Metaspace       used 54427K, committed 54976K, reserved 1114112K
  class space    used 7882K, committed 8128K, reserved 1048576K
}
Event: 52496.845 GC heap after
{Heap after GC invocations=3579 (full 3508):
 garbage-first heap   total 133120K, used 39395K [0x00000000c0000000, 0x0000000100000000)
  region size 1024K, 0 young (0K), 0 survivors (0K)
 Metaspace       used 54427K, committed 54976K, reserved 1114112K
  class space    used 7882K, committed 8128K, reserved 1048576K
}
Event: 52508.241 GC heap before
{Heap before GC invocations=3579 (full 3508):
 garbage-first heap   total 133120K, used 39395K [0x00000000c0000000, 0x0000000100000000)
  region size 1024K, 1 young (1024K), 0 survivors (0K)
 Metaspace       used 54427K, committed 54976K, reserved 1114112K
  class space    used 7882K, committed 8128K, reserved 1048576K
}
Event: 52508.341 GC heap after
{Heap after GC invocations=3580 (full 3509):
 garbage-first heap   total 133120K, used 39395K [0x00000000c0000000, 0x0000000100000000)
  region size 1024K, 0 young (0K), 0 survivors (0K)
 Metaspace       used 54427K, committed 54976K, reserved 1114112K
  class space    used 7882K, committed 8128K, reserved 1048576K
}

