# JRE version: OpenJDK Runtime Environment Temurin-17.0.11+9 (17.0.11+9) (build 17.0.11+9)
# Java VM: OpenJDK 64-Bit Server VM Temurin-17.0.11+9 (17.0.11+9, mixed mode, emulated-client, tiered, compressed oops, compressed class ptrs, g1 gc, windows-amd64)
GC Precious Log:
 CPUs: 4 total, 4 available
 Memory: 3948M
 Large Page Support: Disabled
 NUMA Support: Disabled
 Compressed Oops: Enabled (32-bit)
 Heap Region Size: 1M
 Heap Min Capacity: 8M
 Heap Initial Capacity: 62M
 Heap Max Capacity: 1G
 Pre-touch: Disabled
 Parallel Workers: 4
 Concurrent Workers: 1
 Concurrent Refinement Workers: 4
 Periodic GC: Disabled
Heap:
 garbage-first heap   total 63488K, used 24718K [0x00000000c0000000, 0x0000000100000000)
  region size 1024K, 1 young (1024K), 0 survivors (0K)
 Metaspace       used 39308K, committed 39936K, reserved 1114112K
  class space    used 5197K, committed 5440K, reserved 1048576K
GC Heap History (20 events):
Event: 43305.284 GC heap before
{Heap before GC invocations=647 (full 633):
 garbage-first heap   total 63488K, used 24718K [0x00000000c0000000, 0x0000000100000000)
  region size 1024K, 1 young (1024K), 0 survivors (0K)
 Metaspace       used 39308K, committed 39936K, reserved 1114112K
  class space    used 5197K, committed 5440K, reserved 1048576K
}
Event: 43305.310 GC heap after
{Heap after GC invocations=648 (full 634):
 garbage-first heap   total 63488K, used 24718K [0x00000000c0000000, 0x0000000100000000)
  region size 1024K, 0 young (0K), 0 survivors (0K)
 Metaspace       used 39308K, committed 39936K, reserved 1114112K
  class space    used 5197K, committed 5440K, reserved 1048576K
}
Event: 43315.496 GC heap before
{Heap before GC invocations=648 (full 634):
 garbage-first heap   total 63488K, used 24718K [0x00000000c0000000, 0x0000000100000000)
  region size 1024K, 1 young (1024K), 0 survivors (0K)
 Metaspace       used 39308K, committed 39936K, reserved 1114112K
  class space    used 5197K, committed 5440K, reserved 1048576K
}
Event: 43315.521 GC heap after
{Heap after GC invocations=649 (full 635):
 garbage-first heap   total 63488K, used 24718K [0x00000000c0000000, 0x0000000100000000)
  region size 1024K, 0 young (0K), 0 survivors (0K)
 Metaspace       used 39308K, committed 39936K, reserved 1114112K
  class space    used 5197K, committed 5440K, reserved 1048576K
}
Event: 43325.691 GC heap before
{Heap before GC invocations=649 (full 635):
 garbage-first heap   total 63488K, used 24718K [0x00000000c0000000, 0x0000000100000000)
  region size 1024K, 1 young (1024K), 0 survivors (0K)
 Metaspace       used 39308K, committed 39936K, reserved 1114112K
  class space    used 5197K, committed 5440K, reserved 1048576K
}
Event: 43325.714 GC heap after
{Heap after GC invocations=650 (full 636):
 garbage-first heap   total 63488K, used 24718K [0x00000000c0000000, 0x0000000100000000)
  region size 1024K, 0 young (0K), 0 survivors (0K)
 Metaspace       used 39308K, committed 39936K, reserved 1114112K
  class space    used 5197K, committed 5440K, reserved 1048576K
}
Event: 43335.909 GC heap before
{Heap before GC invocations=650 (full 636):
 garbage-first heap   total 63488K, used 24718K [0x00000000c0000000, 0x0000000100000000)
  region size 1024K, 1 young (1024K), 0 survivors (0K)
 Metaspace       used 39308K, committed 39936K, reserved 1114112K
  class space    used 5197K, committed 5440K, reserved 1048576K
}
Event: 43335.942 GC heap after
{Heap after GC invocations=651 (full 637):
 garbage-first heap   total 63488K, used 24718K [0x00000000c0000000, 0x0000000100000000)
  region size 1024K, 0 young (0K), 0 survivors (0K)
 Metaspace       used 39308K, committed 39936K, reserved 1114112K
  class space    used 5197K, committed 5440K, reserved 1048576K
}
Event: 43346.595 GC heap before
{Heap before GC invocations=651 (full 637):
 garbage-first heap   total 63488K, used 24718K [0x00000000c0000000, 0x0000000100000000)
  region size 1024K, 1 young (1024K), 0 survivors (0K)
 Metaspace       used 39308K, committed 39936K, reserved 1114112K
  class space    used 5197K, committed 5440K, reserved 1048576K
}
Event: 43346.635 GC heap after
{Heap after GC invocations=652 (full 638):
 garbage-first heap   total 63488K, used 24718K [0x00000000c0000000, 0x0000000100000000)
  region size 1024K, 0 young (0K), 0 survivors (0K)
 Metaspace       used 39308K, committed 39936K, reserved 1114112K
  class space    used 5197K, committed 5440K, reserved 1048576K
}
Event: 43356.883 GC heap before
{Heap before GC invocations=652 (full 638):
 garbage-first heap   total 63488K, used 24718K [0x00000000c0000000, 0x0000000100000000)
  region size 1024K, 1 young (1024K), 0 survivors (0K)
 Metaspace       used 39308K, committed 39936K, reserved 1114112K
  class space    used 5197K, committed 5440K, reserved 1048576K
}
Event: 43356.921 GC heap after
{Heap after GC invocations=653 (full 639):
 garbage-first heap   total 63488K, used 24718K [0x00000000c0000000, 0x0000000100000000)
  region size 1024K, 0 young (0K), 0 survivors (0K)
 Metaspace       used 39308K, committed 39936K, reserved 1114112K
  class space    used 5197K, committed 5440K, reserved 1048576K
}
Event: 43367.334 GC heap before
{Heap before GC invocations=653 (full 639):
 garbage-first heap   total 63488K, used 24718K [0x00000000c0000000, 0x0000000100000000)
  region size 1024K, 1 young (1024K), 0 survivors (0K)
 Metaspace       used 39308K, committed 39936K, reserved 1114112K
  class space    used 5197K, committed 5440K, reserved 1048576K
}
Event: 43367.366 GC heap after
{Heap after GC invocations=654 (full 640):
 garbage-first heap   total 63488K, used 24718K [0x00000000c0000000, 0x0000000100000000)
  region size 1024K, 0 young (0K), 0 survivors (0K)
 Metaspace       used 39308K, committed 39936K, reserved 1114112K
  class space    used 5197K, committed 5440K, reserved 1048576K
}
Event: 43377.632 GC heap before
{Heap before GC invocations=654 (full 640):
 garbage-first heap   total 63488K, used 24718K [0x00000000c0000000, 0x0000000100000000)
  region size 1024K, 1 young (1024K), 0 survivors (0K)
 Metaspace       used 39308K, committed 39936K, reserved 1114112K
  class space    used 5197K, committed 5440K, reserved 1048576K
}
Event: 43377.666 GC heap after
{Heap after GC invocations=655 (full 641):
 garbage-first heap   total 63488K, used 24718K [0x00000000c0000000, 0x0000000100000000)
  region size 1024K, 0 young (0K), 0 survivors (0K)
 Metaspace       used 39308K, committed 39936K, reserved 1114112K
  class space    used 5197K, committed 5440K, reserved 1048576K
}
Event: 43388.072 GC heap before
{Heap before GC invocations=655 (full 641):
 garbage-first heap   total 63488K, used 24718K [0x00000000c0000000, 0x0000000100000000)
  region size 1024K, 1 young (1024K), 0 survivors (0K)
 Metaspace       used 39308K, committed 39936K, reserved 1114112K
  class space    used 5197K, committed 5440K, reserved 1048576K
}
Event: 43388.107 GC heap after
{Heap after GC invocations=656 (full 642):
 garbage-first heap   total 63488K, used 24718K [0x00000000c0000000, 0x0000000100000000)
  region size 1024K, 0 young (0K), 0 survivors (0K)
 Metaspace       used 39308K, committed 39936K, reserved 1114112K
  class space    used 5197K, committed 5440K, reserved 1048576K
}
Event: 43398.297 GC heap before
{Heap before GC invocations=656 (full 642):
 garbage-first heap   total 63488K, used 24718K [0x00000000c0000000, 0x0000000100000000)
  region size 1024K, 1 young (1024K), 0 survivors (0K)
 Metaspace       used 39308K, committed 39936K, reserved 1114112K
  class space    used 5197K, committed 5440K, reserved 1048576K
}
Event: 43398.331 GC heap after
{Heap after GC invocations=657 (full 643):
 garbage-first heap   total 63488K, used 24718K [0x00000000c0000000, 0x0000000100000000)
  region size 1024K, 0 young (0K), 0 survivors (0K)
 Metaspace       used 39308K, committed 39936K, reserved 1114112K
  class space    used 5197K, committed 5440K, reserved 1048576K
}

